2021/06/07 08:28:07 200 - 505.9µs GET /rows-count
2021/06/07 08:29:03 200 - 0s GET /rows-count
2021/06/07 08:29:12 200 - 7.2499ms GET /rows
2021/06/07 08:29:12 200 - 7.2306ms GET /rows
2021/06/07 08:29:13 200 - 5.6402ms GET /rows
2021/06/07 08:29:18 200 - 7.501ms GET /rows
2021/06/07 08:29:18 200 - 5.1467ms GET /rows
2021/06/07 08:29:18 200 - 0s GET /rows
2021/06/07 08:30:13 404 - 0s POST /updates
2021/06/07 08:30:18 404 - 0s POST /updates
2021/06/07 09:34:29 200 - 11.7664ms GET /rows-count
2021/06/07 09:41:59 200 - 0s GET /rows-count
2021/06/07 09:42:13 200 - 8.2539ms GET /rows
2021/06/07 09:42:13 200 - 21.4482ms GET /rows
2021/06/07 09:42:13 200 - 5.6594ms GET /rows
2021/06/07 09:42:15 200 - 6.5092ms GET /rows
2021/06/07 09:42:15 200 - 7.2624ms GET /rows
2021/06/07 09:42:15 200 - 0s GET /rows
2021/06/07 09:42:24 200 - 0s GET /rows-count
2021/06/07 09:43:15 404 - 0s POST /updates
2021/06/07 09:45:58 200 - 0s GET /rows-count
2021/06/07 09:46:04 200 - 8.3592ms GET /rows
2021/06/07 09:46:04 200 - 6.1573ms GET /rows
2021/06/07 09:46:04 200 - 6.4676ms GET /rows
2021/06/07 09:46:07 200 - 10.2202ms GET /rows
2021/06/07 09:46:07 200 - 18.5976ms GET /rows
2021/06/07 09:46:07 200 - 0s GET /rows
2021/06/07 09:47:04 404 - 0s POST /updates
2021/06/07 09:47:07 404 - 0s POST /updates
2021/06/07 09:56:48 200 - 0s GET /rows-count
2021/06/07 09:56:59 200 - 7.1999ms GET /rows
2021/06/07 09:56:59 200 - 6.3396ms GET /rows
2021/06/07 09:56:59 200 - 8.204ms GET /rows
2021/06/07 09:57:18 200 - 5.612ms GET /rows
2021/06/07 09:57:18 200 - 6.2223ms GET /rows
2021/06/07 09:57:18 200 - 0s GET /rows
2021/06/07 09:57:58 404 - 0s POST /updates
2021/06/07 09:58:18 404 - 0s POST /updates
2021/06/07 09:59:40 200 - 0s GET /rows-count
2021/06/07 10:07:45 200 - 0s GET /rows-count
2021/06/07 10:07:54 200 - 10.8388ms GET /rows
2021/06/07 10:07:54 200 - 7.2367ms GET /rows
2021/06/07 10:07:54 200 - 5.6557ms GET /rows
2021/06/07 10:08:00 200 - 7.4673ms GET /rows
2021/06/07 10:08:00 200 - 6.1881ms GET /rows
2021/06/07 10:08:00 200 - 0s GET /rows
2021/06/07 10:08:44 200 - 0s GET /rows-count
2021/06/07 10:09:00 404 - 0s POST /updates
2021/06/07 10:16:20 200 - 0s GET /rows-count
2021/06/07 10:16:32 200 - 9.7908ms GET /rows
2021/06/07 10:16:32 200 - 7.6194ms GET /rows
2021/06/07 10:16:32 200 - 5.6653ms GET /rows
2021/06/07 10:16:37 200 - 9.7116ms GET /rows
2021/06/07 10:16:38 200 - 8.6547ms GET /rows
2021/06/07 10:16:38 200 - 0s GET /rows
2021/06/07 10:17:02 200 - 0s GET /rows-count
2021/06/07 10:17:38 404 - 0s POST /updates
