2021/06/07 10:16:20 Master Server Started
2021/06/07 10:16:20 metadata initial calculation
2021/06/07 10:16:20 assign data to tablets
2021/06/07 10:16:20 get max row index from GFS
2021/06/07 10:16:21 assign tablets to availabe tablet servers
2021/06/07 10:16:21 200 - 525.7µs GET /metadata
2021/06/07 10:16:21 200 - 0s GET /metadata
2021/06/07 10:16:21 200 - 0s GET /metadata
2021/06/07 10:16:21 200 - 0s GET /metadata
2021/06/07 10:16:27 200 - 0s GET /metadata
2021/06/07 10:16:27 200 - 0s GET /metadata
2021/06/07 10:16:32 200 - 1.0921ms GET /server-id
2021/06/07 10:16:32 send serve request to tablet server http://localhost:3031
2021/06/07 10:16:33 200 - 0s GET /metadata
2021/06/07 10:16:33 200 - 0s GET /metadata
2021/06/07 10:16:37 200 - 5.7659ms GET /server-id
2021/06/07 10:16:38 send serve request to tablet server http://localhost:3032
2021/06/07 10:17:02 assign data to tablets
2021/06/07 10:17:02 get max row index from GFS
2021/06/07 10:17:02 assign tablets to availabe tablet servers
2021/06/07 10:17:02 200 - 522.7µs GET /load-balance-change
2021/06/07 10:17:02 send serve request to tablet server http://localhost:3032
2021/06/07 10:17:02 send serve request to tablet server http://localhost:3031
